<?xml version="1.0" encoding="UTF-8"?>
<!-- Generated by org.testng.reporters.JUnitReportReporter -->
<testsuite name="MobileProgrammingLLC.Tests.UiCatalog_ComparingSteppers" tests="1" time="11.116" ignored="0" failures="0" timestamp="24 Jan 2019 18:41:14 GMT" skipped="0" hostname="MAC09F.local" errors="0">
  <testcase name="compareSteppers" time="11.116" classname="MobileProgrammingLLC.Tests.UiCatalog_ComparingSteppers"/>
</testsuite> <!-- MobileProgrammingLLC.Tests.UiCatalog_ComparingSteppers -->
