<?xml version="1.0" encoding="UTF-8"?>
<!-- Generated by org.testng.reporters.JUnitReportReporter -->
<testsuite name="MobileProgrammingLLC.Tests.UiCatalog_HandlingDatePicker" tests="1" time="11.756" ignored="0" failures="0" timestamp="24 Jan 2019 18:41:14 GMT" skipped="0" hostname="MAC09F.local" errors="0">
  <testcase name="handleDatePicker" time="11.756" classname="MobileProgrammingLLC.Tests.UiCatalog_HandlingDatePicker"/>
</testsuite> <!-- MobileProgrammingLLC.Tests.UiCatalog_HandlingDatePicker -->
